# JRE version: OpenJDK Runtime Environment Zulu24.32+13-CA (24.0.2+12) (build 24.0.2+12)
# Java VM: OpenJDK 64-Bit Server VM Zulu24.32+13-CA (24.0.2+12, mixed mode, sharing, tiered, compressed oops, compressed class ptrs, g1 gc, windows-amd64)
GC Precious Log:
 CardTable entry size: 512
 Card Set container configuration: InlinePtr #cards 5 size 8 Array Of Cards #cards 10 size 36 Howl #buckets 4 coarsen threshold 1843 Howl Bitmap #cards 512 size 80 coarsen threshold 460 Card regions per heap region 1 cards per card region 2048
 CPUs: 12 total, 12 available
 Memory: 7365M
 Large Page Support: Disabled
 NUMA Support: Disabled
 Compressed Oops: Enabled (32-bit)
 Heap Region Size: 1M
 Heap Min Capacity: 8M
 Heap Initial Capacity: 116M
 Heap Max Capacity: 1842M
 Pre-touch: Disabled
 Parallel Workers: 10
 Concurrent Workers: 3
 Concurrent Refinement Workers: 10
 Periodic GC: Disabled
Heap:
 garbage-first heap   total reserved 1886208K, committed 48128K, used 37218K [0x000000008ce00000, 0x0000000100000000)
  region size 1024K, 30 young (30720K), 5 survivors (5120K)
 Metaspace       used 21826K, committed 22144K, reserved 1114112K
  class space    used 2675K, committed 2816K, reserved 1048576K
GC Heap History (6 events):
Event: 1.858 GC heap before
{Heap before GC invocations=0 (full 0):
 garbage-first heap   total reserved 1886208K, committed 120832K, used 49264K [0x000000008ce00000, 0x0000000100000000)
  region size 1024K, 47 young (48128K), 0 survivors (0K)
 Metaspace       used 12170K, committed 12416K, reserved 1114112K
  class space    used 1181K, committed 1280K, reserved 1048576K
}
Event: 1.863 GC heap after
{Heap after GC invocations=1 (full 0):
 garbage-first heap   total reserved 1886208K, committed 120832K, used 6086K [0x000000008ce00000, 0x0000000100000000)
  region size 1024K, 5 young (5120K), 5 survivors (5120K)
 Metaspace       used 12170K, committed 12416K, reserved 1114112K
  class space    used 1181K, committed 1280K, reserved 1048576K
}
Event: 3.030 GC heap before
{Heap before GC invocations=1 (full 0):
 garbage-first heap   total reserved 1886208K, committed 120832K, used 56262K [0x000000008ce00000, 0x0000000100000000)
  region size 1024K, 55 young (56320K), 5 survivors (5120K)
 Metaspace       used 19866K, committed 20160K, reserved 1114112K
  class space    used 2550K, committed 2688K, reserved 1048576K
}
Event: 3.038 GC heap after
{Heap after GC invocations=2 (full 0):
 garbage-first heap   total reserved 1886208K, committed 120832K, used 9965K [0x000000008ce00000, 0x0000000100000000)
  region size 1024K, 5 young (5120K), 5 survivors (5120K)
 Metaspace       used 19866K, committed 20160K, reserved 1114112K
  class space    used 2550K, committed 2688K, reserved 1048576K
}
Event: 51.772 GC heap before
{Heap before GC invocations=2 (full 0):
 garbage-first heap   total reserved 1886208K, committed 120832K, used 18157K [0x000000008ce00000, 0x0000000100000000)
  region size 1024K, 12 young (12288K), 5 survivors (5120K)
 Metaspace       used 21245K, committed 21504K, reserved 1114112K
  class space    used 2650K, committed 2752K, reserved 1048576K
}
Event: 51.777 GC heap after
{Heap after GC invocations=3 (full 0):
 garbage-first heap   total reserved 1886208K, committed 120832K, used 12642K [0x000000008ce00000, 0x0000000100000000)
  region size 1024K, 5 young (5120K), 5 survivors (5120K)
 Metaspace       used 21245K, committed 21504K, reserved 1114112K
  class space    used 2650K, committed 2752K, reserved 1048576K
}

